<?xml version="1.0" encoding="UTF-8"?>
<testng-results ignored="0" total="1" passed="1" failed="0" skipped="0">
  <reporter-output>
  </reporter-output>
  <suite started-at="2024-08-08T20:24:06 IST" name="Default suite" finished-at="2024-08-08T20:24:43 IST" duration-ms="36919">
    <groups>
    </groups>
    <test started-at="2024-08-08T20:24:06 IST" name="Default test" finished-at="2024-08-08T20:24:43 IST" duration-ms="36919">
      <class name="com.CapstoneProject1.payment">
        <test-method is-config="true" signature="setup()[pri:0, instance:com.CapstoneProject1.payment@163370c2]" started-at="2024-08-08T20:24:06 IST" name="setup" finished-at="2024-08-08T20:24:16 IST" duration-ms="10200" status="PASS">
          <reporter-output>
          </reporter-output>
        </test-method> <!-- setup -->
        <test-method is-config="true" signature="beforeMethod()[pri:0, instance:com.CapstoneProject1.payment@163370c2]" started-at="2024-08-08T20:24:16 IST" name="beforeMethod" finished-at="2024-08-08T20:24:16 IST" duration-ms="7" status="PASS">
          <reporter-output>
          </reporter-output>
        </test-method> <!-- beforeMethod -->
        <test-method signature="testOrderProcess()[pri:0, instance:com.CapstoneProject1.payment@163370c2]" started-at="2024-08-08T20:24:16 IST" name="testOrderProcess" finished-at="2024-08-08T20:24:41 IST" duration-ms="24619" status="PASS">
          <reporter-output>
          </reporter-output>
        </test-method> <!-- testOrderProcess -->
        <test-method is-config="true" signature="afterMethod()[pri:0, instance:com.CapstoneProject1.payment@163370c2]" started-at="2024-08-08T20:24:41 IST" name="afterMethod" finished-at="2024-08-08T20:24:41 IST" duration-ms="570" status="PASS">
          <reporter-output>
          </reporter-output>
        </test-method> <!-- afterMethod -->
        <test-method is-config="true" signature="close()[pri:0, instance:com.CapstoneProject1.payment@163370c2]" started-at="2024-08-08T20:24:41 IST" name="close" finished-at="2024-08-08T20:24:43 IST" duration-ms="1396" status="PASS">
          <reporter-output>
          </reporter-output>
        </test-method> <!-- close -->
      </class> <!-- com.CapstoneProject1.payment -->
    </test> <!-- Default test -->
  </suite> <!-- Default suite -->
</testng-results>
